2026-04-16 00:09:38.596 INFO  [XNIO-1 task-2] feign.provider - tid:,uid:  - feign-provide|method=POST|url=/auth/login|status=200|cost=268ms
2026-04-16 00:09:38.596 INFO  [XNIO-1 task-2] feign.provider - tid:,uid:  - feign-provide|method=POST|url=/auth/login|status=200|cost=268ms
2026-04-16 00:09:39.452 INFO  [XNIO-1 task-2] feign.provider - tid:,uid:  - feign-provide|method=GET|url=/auth/departments|status=200|cost=688ms
2026-04-16 00:09:39.452 INFO  [XNIO-1 task-2] feign.provider - tid:,uid:  - feign-provide|method=GET|url=/auth/departments|status=200|cost=688ms
2026-04-16 00:09:51.378 INFO  [XNIO-1 task-2] feign.provider - tid:,uid:  - feign-provide|method=POST|url=/auth/login|status=200|cost=52ms
2026-04-16 00:09:51.378 INFO  [XNIO-1 task-2] feign.provider - tid:,uid:  - feign-provide|method=POST|url=/auth/login|status=200|cost=52ms
2026-04-16 00:09:51.718 INFO  [XNIO-1 task-2] feign.provider - tid:,uid:  - feign-provide|method=GET|url=/auth/roles|status=200|cost=120ms
2026-04-16 00:09:51.718 INFO  [XNIO-1 task-2] feign.provider - tid:,uid:  - feign-provide|method=GET|url=/auth/roles|status=200|cost=120ms
2026-04-16 00:15:04.956 INFO  [XNIO-1 task-2] feign.provider - tid:,uid:  - feign-provide|method=POST|url=/auth/login|status=200|cost=237ms
2026-04-16 00:15:04.956 INFO  [XNIO-1 task-2] feign.provider - tid:,uid:  - feign-provide|method=POST|url=/auth/login|status=200|cost=237ms
2026-04-16 00:15:05.889 INFO  [XNIO-1 task-2] feign.provider - tid:,uid:  - feign-provide|method=POST|url=/auth/user/roles/batch|status=200|cost=683ms
2026-04-16 00:15:05.889 INFO  [XNIO-1 task-2] feign.provider - tid:,uid:  - feign-provide|method=POST|url=/auth/user/roles/batch|status=200|cost=683ms
2026-04-16 00:15:06.126 INFO  [XNIO-1 task-2] feign.provider - tid:,uid:  - feign-provide|method=POST|url=/auth/user/roles/batch|status=200|cost=26ms
2026-04-16 00:15:06.126 INFO  [XNIO-1 task-2] feign.provider - tid:,uid:  - feign-provide|method=POST|url=/auth/user/roles/batch|status=200|cost=26ms
2026-04-16 00:15:18.327 INFO  [XNIO-1 task-2] feign.provider - tid:,uid:  - feign-provide|method=POST|url=/auth/login|status=200|cost=25ms
2026-04-16 00:15:18.327 INFO  [XNIO-1 task-2] feign.provider - tid:,uid:  - feign-provide|method=POST|url=/auth/login|status=200|cost=25ms
2026-04-16 00:15:18.554 INFO  [XNIO-1 task-2] feign.provider - tid:,uid:  - feign-provide|method=POST|url=/auth/user/roles/batch|status=200|cost=32ms
2026-04-16 00:15:18.554 INFO  [XNIO-1 task-2] feign.provider - tid:,uid:  - feign-provide|method=POST|url=/auth/user/roles/batch|status=200|cost=32ms
2026-04-16 00:15:31.971 INFO  [XNIO-1 task-2] feign.provider - tid:,uid:  - feign-provide|method=POST|url=/auth/login|status=200|cost=11ms
2026-04-16 00:15:31.971 INFO  [XNIO-1 task-2] feign.provider - tid:,uid:  - feign-provide|method=POST|url=/auth/login|status=200|cost=11ms
2026-04-16 00:15:32.294 INFO  [XNIO-1 task-2] feign.provider - tid:,uid:  - feign-provide|method=POST|url=/auth/user/roles/batch|status=200|cost=35ms
2026-04-16 00:15:32.294 INFO  [XNIO-1 task-2] feign.provider - tid:,uid:  - feign-provide|method=POST|url=/auth/user/roles/batch|status=200|cost=35ms
2026-04-16 00:22:14.491 INFO  [XNIO-1 task-2] feign.provider - tid:,uid:  - feign-provide|method=POST|url=/auth/login|status=200|cost=256ms
2026-04-16 00:22:14.491 INFO  [XNIO-1 task-2] feign.provider - tid:,uid:  - feign-provide|method=POST|url=/auth/login|status=200|cost=256ms
2026-04-16 00:22:15.373 INFO  [XNIO-1 task-2] feign.provider - tid:,uid:  - feign-provide|method=POST|url=/auth/user/roles/batch|status=200|cost=684ms
2026-04-16 00:22:15.373 INFO  [XNIO-1 task-2] feign.provider - tid:,uid:  - feign-provide|method=POST|url=/auth/user/roles/batch|status=200|cost=684ms
2026-04-16 00:28:34.362 INFO  [XNIO-1 task-2] feign.provider - tid:,uid:  - feign-provide|method=POST|url=/auth/login|status=200|cost=278ms
2026-04-16 00:28:34.362 INFO  [XNIO-1 task-2] feign.provider - tid:,uid:  - feign-provide|method=POST|url=/auth/login|status=200|cost=278ms
2026-04-16 00:28:35.976 INFO  [XNIO-1 task-2] feign.provider - tid:,uid:  - feign-provide|method=POST|url=/auth/user/roles/batch|status=200|cost=649ms
2026-04-16 00:28:35.976 INFO  [XNIO-1 task-2] feign.provider - tid:,uid:  - feign-provide|method=POST|url=/auth/user/roles/batch|status=200|cost=649ms
2026-04-16 00:28:47.376 INFO  [XNIO-1 task-2] feign.provider - tid:,uid:  - feign-provide|method=POST|url=/auth/login|status=200|cost=9ms
2026-04-16 00:28:47.376 INFO  [XNIO-1 task-2] feign.provider - tid:,uid:  - feign-provide|method=POST|url=/auth/login|status=200|cost=9ms
2026-04-16 00:28:47.641 INFO  [XNIO-1 task-2] feign.provider - tid:,uid:  - feign-provide|method=GET|url=/auth/roles|status=200|cost=45ms
2026-04-16 00:28:47.642 INFO  [XNIO-1 task-2] feign.provider - tid:,uid:  - feign-provide|method=GET|url=/auth/roles|status=200|cost=46ms
2026-04-16 00:29:27.799 INFO  [XNIO-1 task-4] feign.provider - tid:,uid:  - feign-provide|method=GET|url=/auth/departments|status=200|cost=173ms
2026-04-16 00:29:27.799 INFO  [XNIO-1 task-4] feign.provider - tid:,uid:  - feign-provide|method=GET|url=/auth/departments|status=200|cost=174ms
2026-04-16 00:29:27.808 INFO  [XNIO-1 task-6] feign.provider - tid:,uid:  - feign-provide|method=GET|url=/auth/departments|status=200|cost=183ms
2026-04-16 00:29:27.808 INFO  [XNIO-1 task-6] feign.provider - tid:,uid:  - feign-provide|method=GET|url=/auth/departments|status=200|cost=183ms
2026-04-16 00:29:27.817 INFO  [XNIO-1 task-7] feign.provider - tid:,uid:  - feign-provide|method=GET|url=/auth/roles|status=200|cost=192ms
2026-04-16 00:29:27.817 INFO  [XNIO-1 task-7] feign.provider - tid:,uid:  - feign-provide|method=GET|url=/auth/roles|status=200|cost=192ms
2026-04-16 00:29:27.880 INFO  [XNIO-1 task-4] feign.provider - tid:,uid:  - feign-provide|method=GET|url=/auth/roles|status=200|cost=72ms
2026-04-16 00:29:27.880 INFO  [XNIO-1 task-4] feign.provider - tid:,uid:  - feign-provide|method=GET|url=/auth/roles|status=200|cost=72ms
2026-04-16 00:29:28.149 INFO  [XNIO-1 task-3] feign.provider - tid:,uid:  - feign-provide|method=GET|url=/metadata/items|status=200|cost=524ms
2026-04-16 00:29:28.149 INFO  [XNIO-1 task-3] feign.provider - tid:,uid:  - feign-provide|method=GET|url=/metadata/items|status=200|cost=524ms
2026-04-16 00:29:28.149 INFO  [XNIO-1 task-6] feign.provider - tid:,uid:  - feign-provide|method=GET|url=/metadata/items|status=200|cost=332ms
2026-04-16 00:29:28.149 INFO  [XNIO-1 task-6] feign.provider - tid:,uid:  - feign-provide|method=GET|url=/metadata/items|status=200|cost=332ms
2026-04-16 00:29:28.334 INFO  [XNIO-1 task-5] feign.provider - tid:,uid:  - feign-provide|method=GET|url=/entity/data/user|status=200|cost=709ms
2026-04-16 00:29:28.334 INFO  [XNIO-1 task-5] feign.provider - tid:,uid:  - feign-provide|method=GET|url=/entity/data/user|status=200|cost=709ms
2026-04-16 00:29:28.335 INFO  [XNIO-1 task-2] feign.provider - tid:,uid:  - feign-provide|method=GET|url=/entity/data/user|status=200|cost=709ms
2026-04-16 00:29:28.335 INFO  [XNIO-1 task-2] feign.provider - tid:,uid:  - feign-provide|method=GET|url=/entity/data/user|status=200|cost=709ms
2026-04-16 00:29:28.769 INFO  [XNIO-1 task-2] feign.provider - tid:,uid:  - feign-provide|method=POST|url=/auth/user/roles/batch|status=200|cost=62ms
2026-04-16 00:29:28.769 INFO  [XNIO-1 task-2] feign.provider - tid:,uid:  - feign-provide|method=POST|url=/auth/user/roles/batch|status=200|cost=62ms
2026-04-16 00:35:44.836 INFO  [XNIO-1 task-2] feign.provider - tid:,uid:  - feign-provide|method=POST|url=/auth/login|status=200|cost=241ms
2026-04-16 00:35:44.836 INFO  [XNIO-1 task-2] feign.provider - tid:,uid:  - feign-provide|method=POST|url=/auth/login|status=200|cost=242ms
2026-04-16 00:35:45.141 INFO  [XNIO-1 task-2] feign.provider - tid:,uid:  - feign-provide|method=POST|url=/auth/user/create|status=200|cost=59ms
2026-04-16 00:35:45.141 INFO  [XNIO-1 task-2] feign.provider - tid:,uid:  - feign-provide|method=POST|url=/auth/user/create|status=200|cost=59ms
2026-04-16 10:28:09.327 INFO  [XNIO-1 task-2] feign.provider - tid:,uid:  - feign-provide|method=POST|url=/auth/login|status=200|cost=408ms
2026-04-16 10:28:09.327 INFO  [XNIO-1 task-2] feign.provider - tid:,uid:  - feign-provide|method=POST|url=/auth/login|status=200|cost=408ms
2026-04-16 10:28:20.236 INFO  [XNIO-1 task-2] feign.provider - tid:,uid:  - feign-provide|method=POST|url=/auth/login|status=200|cost=38ms
2026-04-16 10:28:20.236 INFO  [XNIO-1 task-2] feign.provider - tid:,uid:  - feign-provide|method=POST|url=/auth/login|status=200|cost=38ms
2026-04-16 10:28:20.830 INFO  [XNIO-1 task-2] feign.provider - tid:,uid:  - feign-provide|method=GET|url=/auth/roles|status=500|cost=72ms
2026-04-16 10:28:20.830 INFO  [XNIO-1 task-2] feign.provider - tid:,uid:  - feign-provide|method=GET|url=/auth/roles|status=500|cost=72ms
2026-04-16 10:28:30.019 INFO  [XNIO-1 task-2] feign.provider - tid:,uid:  - feign-provide|method=POST|url=/auth/login|status=200|cost=142ms
2026-04-16 10:28:30.019 INFO  [XNIO-1 task-2] feign.provider - tid:,uid:  - feign-provide|method=POST|url=/auth/login|status=200|cost=142ms
2026-04-16 10:28:30.148 INFO  [XNIO-1 task-2] feign.provider - tid:,uid:  - feign-provide|method=GET|url=/auth/roles|status=500|cost=11ms
2026-04-16 10:28:30.148 INFO  [XNIO-1 task-2] feign.provider - tid:,uid:  - feign-provide|method=GET|url=/auth/roles|status=500|cost=11ms
2026-04-16 10:33:07.934 INFO  [XNIO-1 task-2] feign.provider - tid:,uid:  - feign-provide|method=POST|url=/auth/login|status=200|cost=252ms
2026-04-16 10:33:07.934 INFO  [XNIO-1 task-2] feign.provider - tid:,uid:  - feign-provide|method=POST|url=/auth/login|status=200|cost=252ms
2026-04-16 10:33:07.992 INFO  [XNIO-1 task-2] feign.provider - tid:,uid:  - feign-provide|method=GET|url=/auth/roles|status=200|cost=47ms
2026-04-16 10:33:07.992 INFO  [XNIO-1 task-2] feign.provider - tid:,uid:  - feign-provide|method=GET|url=/auth/roles|status=200|cost=48ms
2026-04-16 10:33:08.014 INFO  [XNIO-1 task-2] feign.provider - tid:,uid:  - feign-provide|method=GET|url=/auth/user/roles|status=200|cost=12ms
2026-04-16 10:33:08.014 INFO  [XNIO-1 task-2] feign.provider - tid:,uid:  - feign-provide|method=GET|url=/auth/user/roles|status=200|cost=12ms
2026-04-16 10:33:08.050 INFO  [XNIO-1 task-2] feign.provider - tid:,uid:  - feign-provide|method=POST|url=/auth/user/roles/batch|status=200|cost=23ms
2026-04-16 10:33:08.050 INFO  [XNIO-1 task-2] feign.provider - tid:,uid:  - feign-provide|method=POST|url=/auth/user/roles/batch|status=200|cost=23ms
2026-04-16 10:33:08.080 INFO  [XNIO-1 task-2] feign.provider - tid:,uid:  - feign-provide|method=GET|url=/auth/roles/users|status=200|cost=18ms
2026-04-16 10:33:08.080 INFO  [XNIO-1 task-2] feign.provider - tid:,uid:  - feign-provide|method=GET|url=/auth/roles/users|status=200|cost=18ms
2026-04-16 10:33:08.099 INFO  [XNIO-1 task-2] feign.provider - tid:,uid:  - feign-provide|method=GET|url=/auth/departments|status=200|cost=8ms
2026-04-16 10:33:08.099 INFO  [XNIO-1 task-2] feign.provider - tid:,uid:  - feign-provide|method=GET|url=/auth/departments|status=200|cost=8ms
2026-04-16 10:33:08.142 INFO  [XNIO-1 task-2] feign.provider - tid:,uid:  - feign-provide|method=POST|url=/auth/department/create|status=200|cost=33ms
2026-04-16 10:33:08.142 INFO  [XNIO-1 task-2] feign.provider - tid:,uid:  - feign-provide|method=POST|url=/auth/department/create|status=200|cost=33ms
2026-04-16 10:33:08.169 INFO  [XNIO-1 task-2] feign.provider - tid:,uid:  - feign-provide|method=PUT|url=/auth/department/update|status=200|cost=18ms
2026-04-16 10:33:08.169 INFO  [XNIO-1 task-2] feign.provider - tid:,uid:  - feign-provide|method=PUT|url=/auth/department/update|status=200|cost=18ms
2026-04-16 10:33:09.013 INFO  [XNIO-1 task-2] feign.provider - tid:,uid:  - feign-provide|method=DELETE|url=/auth/department/delete|status=200|cost=833ms
2026-04-16 10:33:09.013 INFO  [XNIO-1 task-2] feign.provider - tid:,uid:  - feign-provide|method=DELETE|url=/auth/department/delete|status=200|cost=833ms
2026-04-16 10:33:09.052 INFO  [XNIO-1 task-2] feign.provider - tid:,uid:  - feign-provide|method=POST|url=/auth/user/create|status=200|cost=27ms
2026-04-16 10:33:09.052 INFO  [XNIO-1 task-2] feign.provider - tid:,uid:  - feign-provide|method=POST|url=/auth/user/create|status=200|cost=27ms
2026-04-16 10:33:09.075 INFO  [XNIO-1 task-2] feign.provider - tid:,uid:  - feign-provide|method=PUT|url=/auth/user/update|status=200|cost=12ms
2026-04-16 10:33:09.075 INFO  [XNIO-1 task-2] feign.provider - tid:,uid:  - feign-provide|method=PUT|url=/auth/user/update|status=200|cost=12ms
2026-04-16 10:33:09.094 INFO  [XNIO-1 task-2] feign.provider - tid:,uid:  - feign-provide|method=POST|url=/auth/user/toggle|status=200|cost=9ms
2026-04-16 10:33:09.094 INFO  [XNIO-1 task-2] feign.provider - tid:,uid:  - feign-provide|method=POST|url=/auth/user/toggle|status=200|cost=9ms
2026-04-16 10:33:09.114 INFO  [XNIO-1 task-2] feign.provider - tid:,uid:  - feign-provide|method=POST|url=/auth/user/toggle|status=200|cost=8ms
2026-04-16 10:33:09.114 INFO  [XNIO-1 task-2] feign.provider - tid:,uid:  - feign-provide|method=POST|url=/auth/user/toggle|status=200|cost=8ms
2026-04-16 10:33:09.130 INFO  [XNIO-1 task-2] feign.provider - tid:,uid:  - feign-provide|method=POST|url=/auth/roles/assign|status=200|cost=5ms
2026-04-16 10:33:09.130 INFO  [XNIO-1 task-2] feign.provider - tid:,uid:  - feign-provide|method=POST|url=/auth/roles/assign|status=200|cost=5ms
2026-04-16 10:33:09.146 INFO  [XNIO-1 task-2] feign.provider - tid:,uid:  - feign-provide|method=GET|url=/auth/user/roles|status=200|cost=6ms
2026-04-16 10:33:09.146 INFO  [XNIO-1 task-2] feign.provider - tid:,uid:  - feign-provide|method=GET|url=/auth/user/roles|status=200|cost=6ms
2026-04-16 10:33:09.161 INFO  [XNIO-1 task-2] feign.provider - tid:,uid:  - feign-provide|method=POST|url=/auth/roles/unassign|status=200|cost=4ms
2026-04-16 10:33:09.161 INFO  [XNIO-1 task-2] feign.provider - tid:,uid:  - feign-provide|method=POST|url=/auth/roles/unassign|status=200|cost=4ms
2026-04-16 10:33:09.184 INFO  [XNIO-1 task-2] feign.provider - tid:,uid:  - feign-provide|method=DELETE|url=/auth/user/delete|status=200|cost=12ms
2026-04-16 10:33:09.184 INFO  [XNIO-1 task-2] feign.provider - tid:,uid:  - feign-provide|method=DELETE|url=/auth/user/delete|status=200|cost=13ms
2026-04-16 10:33:09.765 INFO  [XNIO-1 task-2] feign.provider - tid:,uid:  - feign-provide|method=GET|url=/entity/data/user|status=200|cost=569ms
2026-04-16 10:33:09.765 INFO  [XNIO-1 task-2] feign.provider - tid:,uid:  - feign-provide|method=GET|url=/entity/data/user|status=200|cost=569ms
2026-04-16 10:35:36.584 INFO  [XNIO-1 task-2] feign.provider - tid:,uid:  - feign-provide|method=POST|url=/auth/login|status=200|cost=34ms
2026-04-16 10:35:36.584 INFO  [XNIO-1 task-2] feign.provider - tid:,uid:  - feign-provide|method=POST|url=/auth/login|status=200|cost=34ms
2026-04-16 10:35:37.038 INFO  [XNIO-1 task-2] feign.provider - tid:,uid:  - feign-provide|method=GET|url=/entity/data/user|status=200|cost=434ms
2026-04-16 10:35:37.038 INFO  [XNIO-1 task-2] feign.provider - tid:,uid:  - feign-provide|method=GET|url=/entity/data/user|status=200|cost=434ms
2026-04-16 10:35:37.172 INFO  [XNIO-1 task-2] feign.provider - tid:,uid:  - feign-provide|method=GET|url=/metadata/items|status=500|cost=121ms
2026-04-16 10:35:37.172 INFO  [XNIO-1 task-2] feign.provider - tid:,uid:  - feign-provide|method=GET|url=/metadata/items|status=500|cost=121ms
2026-04-16 10:35:37.341 INFO  [XNIO-1 task-2] feign.provider - tid:,uid:  - feign-provide|method=GET|url=/entity/data/user|status=200|cost=154ms
2026-04-16 10:35:37.341 INFO  [XNIO-1 task-2] feign.provider - tid:,uid:  - feign-provide|method=GET|url=/entity/data/user|status=200|cost=154ms
2026-04-16 10:35:37.475 INFO  [XNIO-1 task-2] feign.provider - tid:,uid:  - feign-provide|method=PUT|url=/entity/data/user/100000000000000108|status=500|cost=120ms
2026-04-16 10:35:37.475 INFO  [XNIO-1 task-2] feign.provider - tid:,uid:  - feign-provide|method=PUT|url=/entity/data/user/100000000000000108|status=500|cost=120ms
2026-04-16 10:35:37.646 INFO  [XNIO-1 task-2] feign.provider - tid:,uid:  - feign-provide|method=GET|url=/entity/data/user/100000000000000108|status=200|cost=145ms
2026-04-16 10:35:37.646 INFO  [XNIO-1 task-2] feign.provider - tid:,uid:  - feign-provide|method=GET|url=/entity/data/user/100000000000000108|status=200|cost=145ms
2026-04-16 10:35:37.695 INFO  [XNIO-1 task-2] feign.provider - tid:,uid:  - feign-provide|method=GET|url=/auth/roles|status=200|cost=38ms
2026-04-16 10:35:37.695 INFO  [XNIO-1 task-2] feign.provider - tid:,uid:  - feign-provide|method=GET|url=/auth/roles|status=200|cost=38ms
2026-04-16 10:35:37.711 INFO  [XNIO-1 task-2] feign.provider - tid:,uid:  - feign-provide|method=GET|url=/metadata/items|status=400|cost=2ms
2026-04-16 10:35:37.711 INFO  [XNIO-1 task-2] feign.provider - tid:,uid:  - feign-provide|method=GET|url=/metadata/items|status=400|cost=2ms
2026-04-16 10:35:37.726 INFO  [XNIO-1 task-2] feign.provider - tid:,uid:  - feign-provide|method=GET|url=/error|status=400|cost=17ms
2026-04-16 10:35:37.726 INFO  [XNIO-1 task-2] feign.provider - tid:,uid:  - feign-provide|method=GET|url=/error|status=400|cost=17ms
2026-04-16 10:35:37.744 INFO  [XNIO-1 task-2] feign.provider - tid:,uid:  - feign-provide|method=GET|url=/auth/departments|status=200|cost=4ms
2026-04-16 10:35:37.744 INFO  [XNIO-1 task-2] feign.provider - tid:,uid:  - feign-provide|method=GET|url=/auth/departments|status=200|cost=4ms
2026-04-16 10:35:37.772 INFO  [XNIO-1 task-2] feign.provider - tid:,uid:  - feign-provide|method=POST|url=/auth/department/create|status=200|cost=13ms
2026-04-16 10:35:37.772 INFO  [XNIO-1 task-2] feign.provider - tid:,uid:  - feign-provide|method=POST|url=/auth/department/create|status=200|cost=13ms
2026-04-16 10:35:37.799 INFO  [XNIO-1 task-2] feign.provider - tid:,uid:  - feign-provide|method=PUT|url=/auth/department/update|status=200|cost=14ms
2026-04-16 10:35:37.799 INFO  [XNIO-1 task-2] feign.provider - tid:,uid:  - feign-provide|method=PUT|url=/auth/department/update|status=200|cost=14ms
2026-04-16 10:35:37.861 INFO  [XNIO-1 task-2] feign.provider - tid:,uid:  - feign-provide|method=DELETE|url=/auth/department/delete|status=200|cost=52ms
2026-04-16 10:35:37.861 INFO  [XNIO-1 task-2] feign.provider - tid:,uid:  - feign-provide|method=DELETE|url=/auth/department/delete|status=200|cost=52ms
2026-04-16 10:45:10.217 INFO  [XNIO-1 task-2] feign.provider - tid:,uid:  - feign-provide|method=POST|url=/auth/login|status=200|cost=89ms
2026-04-16 10:45:10.217 INFO  [XNIO-1 task-2] feign.provider - tid:,uid:  - feign-provide|method=POST|url=/auth/login|status=200|cost=89ms
2026-04-16 10:45:10.500 INFO  [XNIO-1 task-2] feign.provider - tid:,uid:  - feign-provide|method=GET|url=/entity/data/user|status=200|cost=245ms
2026-04-16 10:45:10.501 INFO  [XNIO-1 task-2] feign.provider - tid:,uid:  - feign-provide|method=GET|url=/entity/data/user|status=200|cost=245ms
2026-04-16 10:45:10.533 INFO  [XNIO-1 task-2] feign.provider - tid:,uid:  - feign-provide|method=POST|url=/auth/user/create|status=200|cost=14ms
2026-04-16 10:45:10.533 INFO  [XNIO-1 task-2] feign.provider - tid:,uid:  - feign-provide|method=POST|url=/auth/user/create|status=200|cost=14ms
2026-04-16 10:45:10.560 INFO  [XNIO-1 task-2] feign.provider - tid:,uid:  - feign-provide|method=PUT|url=/auth/user/update|status=200|cost=11ms
2026-04-16 10:45:10.560 INFO  [XNIO-1 task-2] feign.provider - tid:,uid:  - feign-provide|method=PUT|url=/auth/user/update|status=200|cost=11ms
2026-04-16 10:45:10.593 INFO  [XNIO-1 task-2] feign.provider - tid:,uid:  - feign-provide|method=DELETE|url=/auth/user/delete|status=200|cost=16ms
2026-04-16 10:45:10.593 INFO  [XNIO-1 task-2] feign.provider - tid:,uid:  - feign-provide|method=DELETE|url=/auth/user/delete|status=200|cost=16ms
2026-04-16 10:45:10.742 INFO  [XNIO-1 task-2] feign.provider - tid:,uid:  - feign-provide|method=GET|url=/auth/roles|status=200|cost=125ms
2026-04-16 10:45:10.742 INFO  [XNIO-1 task-2] feign.provider - tid:,uid:  - feign-provide|method=GET|url=/auth/roles|status=200|cost=125ms
2026-04-16 10:45:10.777 INFO  [XNIO-1 task-2] feign.provider - tid:,uid:  - feign-provide|method=GET|url=/auth/user/roles|status=200|cost=11ms
2026-04-16 10:45:10.777 INFO  [XNIO-1 task-2] feign.provider - tid:,uid:  - feign-provide|method=GET|url=/auth/user/roles|status=200|cost=11ms
2026-04-16 10:45:10.811 INFO  [XNIO-1 task-2] feign.provider - tid:,uid:  - feign-provide|method=POST|url=/auth/user/roles/batch|status=200|cost=11ms
2026-04-16 10:45:10.811 INFO  [XNIO-1 task-2] feign.provider - tid:,uid:  - feign-provide|method=POST|url=/auth/user/roles/batch|status=200|cost=11ms
2026-04-16 10:45:10.840 INFO  [XNIO-1 task-2] feign.provider - tid:,uid:  - feign-provide|method=GET|url=/auth/departments|status=200|cost=6ms
2026-04-16 10:45:10.841 INFO  [XNIO-1 task-2] feign.provider - tid:,uid:  - feign-provide|method=GET|url=/auth/departments|status=200|cost=6ms
2026-04-16 10:45:10.888 INFO  [XNIO-1 task-2] feign.provider - tid:,uid:  - feign-provide|method=POST|url=/auth/department/create|status=200|cost=22ms
2026-04-16 10:45:10.888 INFO  [XNIO-1 task-2] feign.provider - tid:,uid:  - feign-provide|method=POST|url=/auth/department/create|status=200|cost=22ms
2026-04-16 10:45:10.932 INFO  [XNIO-1 task-2] feign.provider - tid:,uid:  - feign-provide|method=PUT|url=/auth/department/update|status=200|cost=23ms
2026-04-16 10:45:10.932 INFO  [XNIO-1 task-2] feign.provider - tid:,uid:  - feign-provide|method=PUT|url=/auth/department/update|status=200|cost=23ms
2026-04-16 10:45:11.121 INFO  [XNIO-1 task-2] feign.provider - tid:,uid:  - feign-provide|method=DELETE|url=/auth/department/delete|status=200|cost=149ms
2026-04-16 10:45:11.121 INFO  [XNIO-1 task-2] feign.provider - tid:,uid:  - feign-provide|method=DELETE|url=/auth/department/delete|status=200|cost=149ms
2026-04-16 10:48:55.695 INFO  [XNIO-1 task-2] feign.provider - tid:,uid:  - feign-provide|method=POST|url=/auth/login|status=200|cost=39ms
2026-04-16 10:48:55.695 INFO  [XNIO-1 task-2] feign.provider - tid:,uid:  - feign-provide|method=POST|url=/auth/login|status=200|cost=39ms
2026-04-16 10:48:55.744 INFO  [XNIO-1 task-2] feign.provider - tid:,uid:  - feign-provide|method=GET|url=/auth/roles|status=200|cost=14ms
2026-04-16 10:48:55.744 INFO  [XNIO-1 task-2] feign.provider - tid:,uid:  - feign-provide|method=GET|url=/auth/roles|status=200|cost=14ms
2026-04-16 10:48:55.758 INFO  [XNIO-1 task-2] feign.provider - tid:,uid:  - feign-provide|method=GET|url=/auth/user/roles|status=200|cost=4ms
2026-04-16 10:48:55.758 INFO  [XNIO-1 task-2] feign.provider - tid:,uid:  - feign-provide|method=GET|url=/auth/user/roles|status=200|cost=4ms
2026-04-16 10:48:55.772 INFO  [XNIO-1 task-2] feign.provider - tid:,uid:  - feign-provide|method=POST|url=/auth/user/roles/batch|status=200|cost=4ms
2026-04-16 10:48:55.772 INFO  [XNIO-1 task-2] feign.provider - tid:,uid:  - feign-provide|method=POST|url=/auth/user/roles/batch|status=200|cost=4ms
2026-04-16 10:48:55.791 INFO  [XNIO-1 task-2] feign.provider - tid:,uid:  - feign-provide|method=GET|url=/auth/roles/users|status=200|cost=7ms
2026-04-16 10:48:55.791 INFO  [XNIO-1 task-2] feign.provider - tid:,uid:  - feign-provide|method=GET|url=/auth/roles/users|status=200|cost=7ms
2026-04-16 10:48:55.807 INFO  [XNIO-1 task-2] feign.provider - tid:,uid:  - feign-provide|method=POST|url=/auth/roles/assign|status=200|cost=6ms
2026-04-16 10:48:55.807 INFO  [XNIO-1 task-2] feign.provider - tid:,uid:  - feign-provide|method=POST|url=/auth/roles/assign|status=200|cost=6ms
2026-04-16 10:48:55.823 INFO  [XNIO-1 task-2] feign.provider - tid:,uid:  - feign-provide|method=GET|url=/auth/user/roles|status=200|cost=4ms
2026-04-16 10:48:55.823 INFO  [XNIO-1 task-2] feign.provider - tid:,uid:  - feign-provide|method=GET|url=/auth/user/roles|status=200|cost=4ms
2026-04-16 10:48:55.836 INFO  [XNIO-1 task-2] feign.provider - tid:,uid:  - feign-provide|method=POST|url=/auth/roles/unassign|status=200|cost=3ms
2026-04-16 10:48:55.836 INFO  [XNIO-1 task-2] feign.provider - tid:,uid:  - feign-provide|method=POST|url=/auth/roles/unassign|status=200|cost=3ms
2026-04-16 10:48:55.853 INFO  [XNIO-1 task-2] feign.provider - tid:,uid:  - feign-provide|method=GET|url=/auth/user/roles|status=200|cost=4ms
2026-04-16 10:48:55.853 INFO  [XNIO-1 task-2] feign.provider - tid:,uid:  - feign-provide|method=GET|url=/auth/user/roles|status=200|cost=4ms
2026-04-16 10:48:55.866 INFO  [XNIO-1 task-2] feign.provider - tid:,uid:  - feign-provide|method=GET|url=/auth/departments|status=200|cost=3ms
2026-04-16 10:48:55.866 INFO  [XNIO-1 task-2] feign.provider - tid:,uid:  - feign-provide|method=GET|url=/auth/departments|status=200|cost=3ms
2026-04-16 10:48:55.885 INFO  [XNIO-1 task-2] feign.provider - tid:,uid:  - feign-provide|method=POST|url=/auth/department/create|status=200|cost=10ms
2026-04-16 10:48:55.885 INFO  [XNIO-1 task-2] feign.provider - tid:,uid:  - feign-provide|method=POST|url=/auth/department/create|status=200|cost=10ms
2026-04-16 10:48:55.899 INFO  [XNIO-1 task-2] feign.provider - tid:,uid:  - feign-provide|method=POST|url=/auth/department/create|status=200|cost=4ms
2026-04-16 10:48:55.899 INFO  [XNIO-1 task-2] feign.provider - tid:,uid:  - feign-provide|method=POST|url=/auth/department/create|status=200|cost=4ms
2026-04-16 10:48:55.912 INFO  [XNIO-1 task-2] feign.provider - tid:,uid:  - feign-provide|method=POST|url=/auth/department/create|status=200|cost=4ms
2026-04-16 10:48:55.912 INFO  [XNIO-1 task-2] feign.provider - tid:,uid:  - feign-provide|method=POST|url=/auth/department/create|status=200|cost=4ms
2026-04-16 10:48:55.935 INFO  [XNIO-1 task-2] feign.provider - tid:,uid:  - feign-provide|method=PUT|url=/auth/department/update|status=200|cost=10ms
2026-04-16 10:48:55.935 INFO  [XNIO-1 task-2] feign.provider - tid:,uid:  - feign-provide|method=PUT|url=/auth/department/update|status=200|cost=10ms
2026-04-16 10:48:55.953 INFO  [XNIO-1 task-2] feign.provider - tid:,uid:  - feign-provide|method=GET|url=/auth/departments|status=200|cost=7ms
2026-04-16 10:48:55.953 INFO  [XNIO-1 task-2] feign.provider - tid:,uid:  - feign-provide|method=GET|url=/auth/departments|status=200|cost=7ms
2026-04-16 10:48:56.008 INFO  [XNIO-1 task-2] feign.provider - tid:,uid:  - feign-provide|method=DELETE|url=/auth/department/delete|status=200|cost=44ms
2026-04-16 10:48:56.008 INFO  [XNIO-1 task-2] feign.provider - tid:,uid:  - feign-provide|method=DELETE|url=/auth/department/delete|status=200|cost=44ms
2026-04-16 10:48:56.024 INFO  [XNIO-1 task-2] feign.provider - tid:,uid:  - feign-provide|method=GET|url=/auth/departments|status=200|cost=4ms
2026-04-16 10:48:56.024 INFO  [XNIO-1 task-2] feign.provider - tid:,uid:  - feign-provide|method=GET|url=/auth/departments|status=200|cost=4ms
2026-04-16 10:48:56.180 INFO  [XNIO-1 task-2] feign.provider - tid:,uid:  - feign-provide|method=GET|url=/entity/data/user|status=200|cost=144ms
2026-04-16 10:48:56.180 INFO  [XNIO-1 task-2] feign.provider - tid:,uid:  - feign-provide|method=GET|url=/entity/data/user|status=200|cost=144ms
2026-04-16 10:48:56.204 INFO  [XNIO-1 task-2] feign.provider - tid:,uid:  - feign-provide|method=POST|url=/auth/user/create|status=200|cost=9ms
2026-04-16 10:48:56.204 INFO  [XNIO-1 task-2] feign.provider - tid:,uid:  - feign-provide|method=POST|url=/auth/user/create|status=200|cost=9ms
2026-04-16 10:48:56.222 INFO  [XNIO-1 task-2] feign.provider - tid:,uid:  - feign-provide|method=POST|url=/auth/user/create|status=200|cost=4ms
2026-04-16 10:48:56.222 INFO  [XNIO-1 task-2] feign.provider - tid:,uid:  - feign-provide|method=POST|url=/auth/user/create|status=200|cost=5ms
2026-04-16 10:48:56.236 INFO  [XNIO-1 task-2] feign.provider - tid:,uid:  - feign-provide|method=POST|url=/auth/user/create|status=200|cost=1ms
2026-04-16 10:48:56.236 INFO  [XNIO-1 task-2] feign.provider - tid:,uid:  - feign-provide|method=POST|url=/auth/user/create|status=200|cost=1ms
2026-04-16 10:48:56.252 INFO  [XNIO-1 task-2] feign.provider - tid:,uid:  - feign-provide|method=POST|url=/auth/user/create|status=200|cost=1ms
2026-04-16 10:48:56.252 INFO  [XNIO-1 task-2] feign.provider - tid:,uid:  - feign-provide|method=POST|url=/auth/user/create|status=200|cost=1ms
2026-04-16 10:48:56.266 INFO  [XNIO-1 task-2] feign.provider - tid:,uid:  - feign-provide|method=POST|url=/auth/user/create|status=200|cost=1ms
2026-04-16 10:48:56.266 INFO  [XNIO-1 task-2] feign.provider - tid:,uid:  - feign-provide|method=POST|url=/auth/user/create|status=200|cost=1ms
2026-04-16 10:48:56.288 INFO  [XNIO-1 task-2] feign.provider - tid:,uid:  - feign-provide|method=PUT|url=/auth/user/update|status=200|cost=9ms
2026-04-16 10:48:56.288 INFO  [XNIO-1 task-2] feign.provider - tid:,uid:  - feign-provide|method=PUT|url=/auth/user/update|status=200|cost=9ms
2026-04-16 10:48:56.307 INFO  [XNIO-1 task-2] feign.provider - tid:,uid:  - feign-provide|method=POST|url=/auth/user/toggle|status=200|cost=7ms
2026-04-16 10:48:56.307 INFO  [XNIO-1 task-2] feign.provider - tid:,uid:  - feign-provide|method=POST|url=/auth/user/toggle|status=200|cost=7ms
2026-04-16 10:48:56.331 INFO  [XNIO-1 task-2] feign.provider - tid:,uid:  - feign-provide|method=POST|url=/auth/user/toggle|status=200|cost=11ms
2026-04-16 10:48:56.331 INFO  [XNIO-1 task-2] feign.provider - tid:,uid:  - feign-provide|method=POST|url=/auth/user/toggle|status=200|cost=11ms
2026-04-16 10:48:56.349 INFO  [XNIO-1 task-2] feign.provider - tid:,uid:  - feign-provide|method=GET|url=/auth/user/roles|status=200|cost=4ms
2026-04-16 10:48:56.349 INFO  [XNIO-1 task-2] feign.provider - tid:,uid:  - feign-provide|method=GET|url=/auth/user/roles|status=200|cost=5ms
2026-04-16 10:48:56.371 INFO  [XNIO-1 task-2] feign.provider - tid:,uid:  - feign-provide|method=DELETE|url=/auth/user/delete|status=200|cost=8ms
2026-04-16 10:48:56.371 INFO  [XNIO-1 task-2] feign.provider - tid:,uid:  - feign-provide|method=DELETE|url=/auth/user/delete|status=200|cost=8ms
2026-04-16 10:48:56.428 INFO  [XNIO-1 task-2] feign.provider - tid:,uid:  - feign-provide|method=POST|url=/auth/login|status=200|cost=29ms
2026-04-16 10:48:56.428 INFO  [XNIO-1 task-2] feign.provider - tid:,uid:  - feign-provide|method=POST|url=/auth/login|status=200|cost=29ms
2026-04-16 10:48:56.489 INFO  [XNIO-1 task-2] feign.provider - tid:,uid:  - feign-provide|method=GET|url=/auth/roles|status=200|cost=32ms
2026-04-16 10:48:56.489 INFO  [XNIO-1 task-2] feign.provider - tid:,uid:  - feign-provide|method=GET|url=/auth/roles|status=200|cost=32ms
2026-04-16 10:48:56.523 INFO  [XNIO-1 task-2] feign.provider - tid:,uid:  - feign-provide|method=GET|url=/auth/user/roles|status=200|cost=7ms
2026-04-16 10:48:56.523 INFO  [XNIO-1 task-2] feign.provider - tid:,uid:  - feign-provide|method=GET|url=/auth/user/roles|status=200|cost=7ms
2026-04-16 10:48:56.563 INFO  [XNIO-1 task-2] feign.provider - tid:,uid:  - feign-provide|method=POST|url=/auth/user/roles/batch|status=200|cost=13ms
2026-04-16 10:48:56.563 INFO  [XNIO-1 task-2] feign.provider - tid:,uid:  - feign-provide|method=POST|url=/auth/user/roles/batch|status=200|cost=13ms
2026-04-16 10:48:56.590 INFO  [XNIO-1 task-2] feign.provider - tid:,uid:  - feign-provide|method=GET|url=/auth/roles/users|status=200|cost=8ms
2026-04-16 10:48:56.590 INFO  [XNIO-1 task-2] feign.provider - tid:,uid:  - feign-provide|method=GET|url=/auth/roles/users|status=200|cost=8ms
2026-04-16 10:48:56.614 INFO  [XNIO-1 task-2] feign.provider - tid:,uid:  - feign-provide|method=POST|url=/auth/roles/assign|status=200|cost=5ms
2026-04-16 10:48:56.614 INFO  [XNIO-1 task-2] feign.provider - tid:,uid:  - feign-provide|method=POST|url=/auth/roles/assign|status=200|cost=5ms
2026-04-16 10:48:56.638 INFO  [XNIO-1 task-2] feign.provider - tid:,uid:  - feign-provide|method=GET|url=/auth/user/roles|status=200|cost=6ms
2026-04-16 10:48:56.638 INFO  [XNIO-1 task-2] feign.provider - tid:,uid:  - feign-provide|method=GET|url=/auth/user/roles|status=200|cost=6ms
2026-04-16 10:48:56.662 INFO  [XNIO-1 task-2] feign.provider - tid:,uid:  - feign-provide|method=POST|url=/auth/roles/unassign|status=200|cost=6ms
2026-04-16 10:48:56.662 INFO  [XNIO-1 task-2] feign.provider - tid:,uid:  - feign-provide|method=POST|url=/auth/roles/unassign|status=200|cost=6ms
2026-04-16 10:48:56.691 INFO  [XNIO-1 task-2] feign.provider - tid:,uid:  - feign-provide|method=GET|url=/auth/user/roles|status=200|cost=8ms
2026-04-16 10:48:56.691 INFO  [XNIO-1 task-2] feign.provider - tid:,uid:  - feign-provide|method=GET|url=/auth/user/roles|status=200|cost=8ms
2026-04-16 10:48:56.715 INFO  [XNIO-1 task-2] feign.provider - tid:,uid:  - feign-provide|method=GET|url=/auth/departments|status=200|cost=5ms
2026-04-16 10:48:56.715 INFO  [XNIO-1 task-2] feign.provider - tid:,uid:  - feign-provide|method=GET|url=/auth/departments|status=200|cost=5ms
2026-04-16 10:48:56.753 INFO  [XNIO-1 task-2] feign.provider - tid:,uid:  - feign-provide|method=POST|url=/auth/department/create|status=200|cost=11ms
2026-04-16 10:48:56.753 INFO  [XNIO-1 task-2] feign.provider - tid:,uid:  - feign-provide|method=POST|url=/auth/department/create|status=200|cost=11ms
2026-04-16 10:48:56.774 INFO  [XNIO-1 task-2] feign.provider - tid:,uid:  - feign-provide|method=POST|url=/auth/department/create|status=200|cost=3ms
2026-04-16 10:48:56.774 INFO  [XNIO-1 task-2] feign.provider - tid:,uid:  - feign-provide|method=POST|url=/auth/department/create|status=200|cost=3ms
2026-04-16 10:48:56.796 INFO  [XNIO-1 task-2] feign.provider - tid:,uid:  - feign-provide|method=POST|url=/auth/department/create|status=200|cost=4ms
2026-04-16 10:48:56.796 INFO  [XNIO-1 task-2] feign.provider - tid:,uid:  - feign-provide|method=POST|url=/auth/department/create|status=200|cost=4ms
2026-04-16 10:48:56.822 INFO  [XNIO-1 task-2] feign.provider - tid:,uid:  - feign-provide|method=PUT|url=/auth/department/update|status=200|cost=10ms
2026-04-16 10:48:56.822 INFO  [XNIO-1 task-2] feign.provider - tid:,uid:  - feign-provide|method=PUT|url=/auth/department/update|status=200|cost=10ms
2026-04-16 10:48:56.842 INFO  [XNIO-1 task-2] feign.provider - tid:,uid:  - feign-provide|method=GET|url=/auth/departments|status=200|cost=3ms
2026-04-16 10:48:56.842 INFO  [XNIO-1 task-2] feign.provider - tid:,uid:  - feign-provide|method=GET|url=/auth/departments|status=200|cost=3ms
2026-04-16 10:48:56.907 INFO  [XNIO-1 task-2] feign.provider - tid:,uid:  - feign-provide|method=DELETE|url=/auth/department/delete|status=200|cost=46ms
2026-04-16 10:48:56.907 INFO  [XNIO-1 task-2] feign.provider - tid:,uid:  - feign-provide|method=DELETE|url=/auth/department/delete|status=200|cost=46ms
2026-04-16 10:48:56.928 INFO  [XNIO-1 task-2] feign.provider - tid:,uid:  - feign-provide|method=GET|url=/auth/departments|status=200|cost=3ms
2026-04-16 10:48:56.928 INFO  [XNIO-1 task-2] feign.provider - tid:,uid:  - feign-provide|method=GET|url=/auth/departments|status=200|cost=3ms
2026-04-16 10:48:57.078 INFO  [XNIO-1 task-2] feign.provider - tid:,uid:  - feign-provide|method=GET|url=/entity/data/user|status=200|cost=135ms
2026-04-16 10:48:57.078 INFO  [XNIO-1 task-2] feign.provider - tid:,uid:  - feign-provide|method=GET|url=/entity/data/user|status=200|cost=135ms
2026-04-16 10:48:57.104 INFO  [XNIO-1 task-2] feign.provider - tid:,uid:  - feign-provide|method=POST|url=/auth/user/create|status=200|cost=10ms
2026-04-16 10:48:57.104 INFO  [XNIO-1 task-2] feign.provider - tid:,uid:  - feign-provide|method=POST|url=/auth/user/create|status=200|cost=10ms
2026-04-16 10:48:57.123 INFO  [XNIO-1 task-2] feign.provider - tid:,uid:  - feign-provide|method=POST|url=/auth/user/create|status=200|cost=3ms
2026-04-16 10:48:57.123 INFO  [XNIO-1 task-2] feign.provider - tid:,uid:  - feign-provide|method=POST|url=/auth/user/create|status=200|cost=3ms
2026-04-16 10:48:57.140 INFO  [XNIO-1 task-2] feign.provider - tid:,uid:  - feign-provide|method=POST|url=/auth/user/create|status=200|cost=1ms
2026-04-16 10:48:57.140 INFO  [XNIO-1 task-2] feign.provider - tid:,uid:  - feign-provide|method=POST|url=/auth/user/create|status=200|cost=2ms
2026-04-16 10:48:57.157 INFO  [XNIO-1 task-2] feign.provider - tid:,uid:  - feign-provide|method=POST|url=/auth/user/create|status=200|cost=1ms
2026-04-16 10:48:57.157 INFO  [XNIO-1 task-2] feign.provider - tid:,uid:  - feign-provide|method=POST|url=/auth/user/create|status=200|cost=1ms
2026-04-16 10:48:57.175 INFO  [XNIO-1 task-2] feign.provider - tid:,uid:  - feign-provide|method=POST|url=/auth/user/create|status=200|cost=1ms
2026-04-16 10:48:57.175 INFO  [XNIO-1 task-2] feign.provider - tid:,uid:  - feign-provide|method=POST|url=/auth/user/create|status=200|cost=1ms
2026-04-16 10:48:57.195 INFO  [XNIO-1 task-2] feign.provider - tid:,uid:  - feign-provide|method=PUT|url=/auth/user/update|status=200|cost=6ms
2026-04-16 10:48:57.195 INFO  [XNIO-1 task-2] feign.provider - tid:,uid:  - feign-provide|method=PUT|url=/auth/user/update|status=200|cost=6ms
2026-04-16 10:48:57.217 INFO  [XNIO-1 task-2] feign.provider - tid:,uid:  - feign-provide|method=POST|url=/auth/user/toggle|status=200|cost=8ms
2026-04-16 10:48:57.217 INFO  [XNIO-1 task-2] feign.provider - tid:,uid:  - feign-provide|method=POST|url=/auth/user/toggle|status=200|cost=8ms
2026-04-16 10:48:57.236 INFO  [XNIO-1 task-2] feign.provider - tid:,uid:  - feign-provide|method=POST|url=/auth/user/toggle|status=200|cost=6ms
2026-04-16 10:48:57.236 INFO  [XNIO-1 task-2] feign.provider - tid:,uid:  - feign-provide|method=POST|url=/auth/user/toggle|status=200|cost=6ms
2026-04-16 10:48:57.256 INFO  [XNIO-1 task-2] feign.provider - tid:,uid:  - feign-provide|method=GET|url=/auth/user/roles|status=200|cost=4ms
2026-04-16 10:48:57.256 INFO  [XNIO-1 task-2] feign.provider - tid:,uid:  - feign-provide|method=GET|url=/auth/user/roles|status=200|cost=4ms
2026-04-16 10:48:57.278 INFO  [XNIO-1 task-2] feign.provider - tid:,uid:  - feign-provide|method=DELETE|url=/auth/user/delete|status=200|cost=6ms
2026-04-16 10:48:57.278 INFO  [XNIO-1 task-2] feign.provider - tid:,uid:  - feign-provide|method=DELETE|url=/auth/user/delete|status=200|cost=6ms
2026-04-16 10:55:39.282 INFO  [XNIO-1 task-2] feign.provider - tid:,uid:  - feign-provide|method=POST|url=/auth/login|status=200|cost=370ms
2026-04-16 10:55:39.282 INFO  [XNIO-1 task-2] feign.provider - tid:,uid:  - feign-provide|method=POST|url=/auth/login|status=200|cost=370ms
2026-04-16 10:55:39.364 INFO  [XNIO-1 task-2] feign.provider - tid:,uid:  - feign-provide|method=GET|url=/auth/roles|status=200|cost=68ms
2026-04-16 10:55:39.364 INFO  [XNIO-1 task-2] feign.provider - tid:,uid:  - feign-provide|method=GET|url=/auth/roles|status=200|cost=68ms
2026-04-16 10:55:39.395 INFO  [XNIO-1 task-2] feign.provider - tid:,uid:  - feign-provide|method=GET|url=/auth/departments|status=200|cost=17ms
2026-04-16 10:55:39.395 INFO  [XNIO-1 task-2] feign.provider - tid:,uid:  - feign-provide|method=GET|url=/auth/departments|status=200|cost=17ms
2026-04-16 10:55:40.922 INFO  [XNIO-1 task-2] feign.provider - tid:,uid:  - feign-provide|method=GET|url=/entity/data/user|status=200|cost=1512ms
2026-04-16 10:55:40.922 INFO  [XNIO-1 task-2] feign.provider - tid:,uid:  - feign-provide|method=GET|url=/entity/data/user|status=200|cost=1512ms
2026-04-16 10:55:40.944 INFO  [XNIO-1 task-2] feign.provider - tid:,uid:  - feign-provide|method=GET|url=/auth/user/roles|status=200|cost=9ms
2026-04-16 10:55:40.944 INFO  [XNIO-1 task-2] feign.provider - tid:,uid:  - feign-provide|method=GET|url=/auth/user/roles|status=200|cost=9ms
2026-04-16 10:55:40.983 INFO  [XNIO-1 task-2] feign.provider - tid:,uid:  - feign-provide|method=POST|url=/auth/user/roles/batch|status=200|cost=15ms
2026-04-16 10:55:40.983 INFO  [XNIO-1 task-2] feign.provider - tid:,uid:  - feign-provide|method=POST|url=/auth/user/roles/batch|status=200|cost=15ms
2026-04-16 11:37:56.310 INFO  [XNIO-1 task-2] feign.provider - tid:,uid:  - feign-provide|method=POST|url=/auth/login|status=200|cost=471ms
2026-04-16 11:37:56.310 INFO  [XNIO-1 task-2] feign.provider - tid:,uid:  - feign-provide|method=POST|url=/auth/login|status=200|cost=471ms
2026-04-16 11:37:56.440 INFO  [XNIO-1 task-2] feign.provider - tid:,uid:  - feign-provide|method=GET|url=/auth/roles|status=200|cost=112ms
2026-04-16 11:37:56.440 INFO  [XNIO-1 task-2] feign.provider - tid:,uid:  - feign-provide|method=GET|url=/auth/roles|status=200|cost=112ms
2026-04-16 11:37:56.467 INFO  [XNIO-1 task-2] feign.provider - tid:,uid:  - feign-provide|method=GET|url=/auth/departments|status=200|cost=13ms
2026-04-16 11:37:56.467 INFO  [XNIO-1 task-2] feign.provider - tid:,uid:  - feign-provide|method=GET|url=/auth/departments|status=200|cost=13ms
2026-04-16 11:37:58.000 INFO  [XNIO-1 task-2] feign.provider - tid:,uid:  - feign-provide|method=GET|url=/entity/data/user|status=200|cost=1521ms
2026-04-16 11:37:58.000 INFO  [XNIO-1 task-2] feign.provider - tid:,uid:  - feign-provide|method=GET|url=/entity/data/user|status=200|cost=1521ms
2026-04-16 11:37:58.037 INFO  [XNIO-1 task-2] feign.provider - tid:,uid:  - feign-provide|method=GET|url=/auth/user/roles|status=200|cost=17ms
2026-04-16 11:37:58.037 INFO  [XNIO-1 task-2] feign.provider - tid:,uid:  - feign-provide|method=GET|url=/auth/user/roles|status=200|cost=17ms
