2026-04-15 15:46:20.563 ERROR [main] org.springframework.boot.diagnostics.LoggingFailureAnalysisReporter - tid:,uid:  - 

***************************
APPLICATION FAILED TO START
***************************

Description:

Parameter 5 of constructor in com.hongyang.platform.paas.service.service.excel.ExcelExportService required a bean of type 'org.springframework.data.redis.core.StringRedisTemplate' that could not be found.

The injection point has the following annotations:
	- @org.springframework.beans.factory.annotation.Autowired(required=true)


Action:

Consider defining a bean of type 'org.springframework.data.redis.core.StringRedisTemplate' in your configuration.

2026-04-15 16:37:47.948 ERROR [main] org.springframework.boot.diagnostics.LoggingFailureAnalysisReporter - tid:,uid:  - 

***************************
APPLICATION FAILED TO START
***************************

Description:

Web server failed to start. Port 18010 was already in use.

Action:

Identify and stop the process that's listening on port 18010 or configure this application to listen on another port.

2026-04-15 16:44:00.667 ERROR [main] org.springframework.boot.diagnostics.LoggingFailureAnalysisReporter - tid:,uid:  - 

***************************
APPLICATION FAILED TO START
***************************

Description:

Web server failed to start. Port 18010 was already in use.

Action:

Identify and stop the process that's listening on port 18010 or configure this application to listen on another port.

2026-04-15 21:53:24.320 ERROR [main] org.springframework.boot.diagnostics.LoggingFailureAnalysisReporter - tid:,uid:  - 

***************************
APPLICATION FAILED TO START
***************************

Description:

The dependencies of some of the beans in the application context form a cycle:

   excelExportConsumer (field private com.hongyang.platform.paas.service.service.excel.ExcelExportService com.hongyang.platform.paas.service.common.mq.consumer.ExcelExportConsumer.exportService)
      ↓
   excelExportService defined in URL [jar:file:/Users/Alan/Documents/ai-team/ai-pm-team/repos/apass_new_projects/paas-platform-service/paas-platform-service-server/target/parent-pom.jar!/BOOT-INF/classes!/com/hongyang/platform/paas/service/service/excel/ExcelExportService.class]
┌─────┐
|  entityDataService defined in URL [jar:file:/Users/Alan/Documents/ai-team/ai-pm-team/repos/apass_new_projects/paas-platform-service/paas-platform-service-server/target/parent-pom.jar!/BOOT-INF/classes!/com/hongyang/platform/paas/service/service/entitydata/EntityDataService.class]
↑     ↓
|  dataPermissionFilter defined in URL [jar:file:/Users/Alan/Documents/ai-team/ai-pm-team/repos/apass_new_projects/paas-platform-service/paas-platform-service-server/target/parent-pom.jar!/BOOT-INF/classes!/com/hongyang/platform/paas/service/service/datapermission/DataPermissionFilter.class]
↑     ↓
|  departmentServiceImpl defined in URL [jar:file:/Users/Alan/Documents/ai-team/ai-pm-team/repos/apass_new_projects/paas-platform-service/paas-platform-service-server/target/parent-pom.jar!/BOOT-INF/classes!/com/hongyang/platform/paas/service/service/auth/DepartmentServiceImpl.class]
└─────┘


Action:

Relying upon circular references is discouraged and they are prohibited by default. Update your application to remove the dependency cycle between beans. As a last resort, it may be possible to break the cycle automatically by setting spring.main.allow-circular-references to true.

